<?xml version="1.0" encoding="UTF-8"?>
<testsuite xmlns:xsi="http://www.w3.org/2001/XMLSchema-instance" xsi:noNamespaceSchemaLocation="https://maven.apache.org/surefire/maven-surefire-plugin/xsd/surefire-test-report.xsd" name="com.qa.runner.TestRunner" time="35.072" tests="20" errors="2" skipped="0" failures="0">
  <properties>
[...]
</properties>
  <testcase name="Given user launch an application" classname="| vikpatel | vikpatel |" time="0.001"/>
  <testcase name="When title of login page is Free CRM" classname="| vikpatel | vikpatel |" time="0"/>
  <testcase name="Then user enters &quot;vikpatel&quot; and &quot;vikpatel&quot;" classname="| vikpatel | vikpatel |" time="0"/>
  <testcase name="Then user clicks on login button" classname="| vikpatel | vikpatel |" time="0"/>
  <testcase name="Then user is on home page" classname="| vikpatel | vikpatel |" time="0"/>
  <testcase name="Then user moves to new deal page" classname="| vikpatel | vikpatel |" time="0"/>
  <testcase name="Then user enters deal details" classname="| vikpatel | vikpatel |" time="0.005">
    <error message="No frame element found by name or id mainpanel&#10;Build info: version: &apos;2.53.0&apos;, revision: &apos;35ae25b1534ae328c771e0856c93e187490ca824&apos;, time: &apos;2016-03-15 10:43:46&apos;&#10;System info: host: &apos;C02NM6M9G3QD&apos;, ip: &apos;10.2.82.66&apos;, os.name: &apos;Mac OS X&apos;, os.arch: &apos;x86_64&apos;, os.version: &apos;10.11.6&apos;, java.version: &apos;1.8.0_66&apos;&#10;Driver info: driver.version: unknown" type="org.openqa.selenium.NoSuchFrameException">org.openqa.selenium.NoSuchFrameException: 
No frame element found by name or id mainpanel
Build info: version: '2.53.0', revision: '35ae25b1534ae328c771e0856c93e187490ca824', time: '2016-03-15 10:43:46'
System info: host: 'C02NM6M9G3QD', ip: '10.2.82.66', os.name: 'Mac OS X', os.arch: 'x86_64', os.version: '10.11.6', java.version: '1.8.0_66'
Driver info: driver.version: unknown
</error>
  </testcase>
  <testcase name="| vikpatel | vikpatel |" classname="| vikpatel | vikpatel |" time="0.006">
    <error message="No frame element found by name or id mainpanel&#10;Build info: version: &apos;2.53.0&apos;, revision: &apos;35ae25b1534ae328c771e0856c93e187490ca824&apos;, time: &apos;2016-03-15 10:43:46&apos;&#10;System info: host: &apos;C02NM6M9G3QD&apos;, ip: &apos;10.2.82.66&apos;, os.name: &apos;Mac OS X&apos;, os.arch: &apos;x86_64&apos;, os.version: &apos;10.11.6&apos;, java.version: &apos;1.8.0_66&apos;&#10;Driver info: driver.version: unknown" type="org.openqa.selenium.NoSuchFrameException">org.openqa.selenium.NoSuchFrameException: 
No frame element found by name or id mainpanel
Build info: version: '2.53.0', revision: '35ae25b1534ae328c771e0856c93e187490ca824', time: '2016-03-15 10:43:46'
System info: host: 'C02NM6M9G3QD', ip: '10.2.82.66', os.name: 'Mac OS X', os.arch: 'x86_64', os.version: '10.11.6', java.version: '1.8.0_66'
Driver info: driver.version: unknown
</error>
  </testcase>
  <testcase name="Given this is the first step" classname="Scenario: This is First test" time="0"/>
  <testcase name="When this is the second step" classname="Scenario: This is First test" time="0"/>
  <testcase name="Then this is the third step" classname="Scenario: This is First test" time="0"/>
  <testcase name="Scenario: This is First test" classname="Scenario: This is First test" time="0"/>
  <testcase name="Given this is the first step" classname="Scenario: This is Second test" time="0"/>
  <testcase name="When this is the second step" classname="Scenario: This is Second test" time="0"/>
  <testcase name="Then this is the third step" classname="Scenario: This is Second test" time="0"/>
  <testcase name="Scenario: This is Second test" classname="Scenario: This is Second test" time="0"/>
  <testcase name="Given this is the first step" classname="Scenario: This is Third test" time="0"/>
  <testcase name="When this is the second step" classname="Scenario: This is Third test" time="0"/>
  <testcase name="Then this is the third step" classname="Scenario: This is Third test" time="0"/>
  <testcase name="Scenario: This is Third test" classname="Scenario: This is Third test" time="0"/>
</testsuite>